2025-09-17 20:15:44,769 - INFO - Starting FAST Cyberbullying Detection Model Training
2025-09-17 20:15:44,769 - INFO - ============================================================
2025-09-17 20:15:46,771 - INFO - ✓ Gradient Boosting support available
2025-09-17 20:15:46,771 - INFO - Setting up NLTK data...
2025-09-17 20:15:46,772 - INFO - [OK] NLTK punkt already available
2025-09-17 20:15:46,773 - INFO - [OK] NLTK stopwords already available
2025-09-17 20:15:46,776 - INFO - Downloading NLTK data: wordnet
2025-09-17 20:15:47,039 - INFO - [OK] Downloaded wordnet
2025-09-17 20:15:47,041 - INFO - Downloading NLTK data: omw-1.4
2025-09-17 20:15:47,118 - INFO - [OK] Downloaded omw-1.4
2025-09-17 20:15:47,119 - INFO - NLTK data setup completed
2025-09-17 20:15:47,126 - INFO - [OK] Found dataset: datasets/cyberbullying/cyberbullying_tweets.csv (6.8 MB)
2025-09-17 20:15:47,135 - INFO - [OK] Found dataset: datasets/cyberbullying/final_hateXplain.csv (3.6 MB)
2025-09-17 20:15:47,141 - INFO - [OK] Found dataset: datasets/cyberbullying/aggression_parsed_dataset.csv (48.1 MB)
2025-09-17 20:15:47,148 - INFO - [OK] Found dataset: datasets/cyberbullying/attack_parsed_dataset.csv (48.0 MB)
2025-09-17 20:15:47,154 - INFO - [OK] Found dataset: datasets/cyberbullying/toxicity_parsed_dataset.csv (63.6 MB)
2025-09-17 20:15:47,160 - INFO - [OK] Found dataset: datasets/cyberbullying/twitter_parsed_dataset.csv (2.4 MB)
2025-09-17 20:15:47,168 - INFO - [OK] Found dataset: datasets/cyberbullying/twitter_racism_parsed_dataset.csv (1.9 MB)
2025-09-17 20:15:47,176 - INFO - [OK] Found dataset: datasets/cyberbullying/twitter_sexism_parsed_dataset.csv (2.1 MB)
2025-09-17 20:15:47,183 - INFO - [OK] Found dataset: datasets/cyberbullying/youtube_parsed_dataset.csv (3.7 MB)
2025-09-17 20:15:47,188 - INFO - [OK] Found dataset: datasets/cyberbullying/kaggle_parsed_dataset.csv (1.7 MB)
2025-09-17 20:15:47,188 - INFO - Total dataset size: 181.9 MB
2025-09-17 20:15:47,188 - INFO - Found 10 usable datasets
2025-09-17 20:15:47,188 - INFO - Total dataset size: 181.9 MB
2025-09-17 20:15:47,825 - INFO - Fast detector initialized (no transformer for speed)
2025-09-17 20:15:47,825 - INFO - Loading and preprocessing datasets with FAST optimizations...
2025-09-17 20:15:47,825 - INFO - Loading dataset: datasets/cyberbullying/cyberbullying_tweets.csv
2025-09-17 20:15:47,917 - INFO - Dataset cyberbullying_tweets.csv columns: ['tweet_text', 'cyberbullying_type']
2025-09-17 20:15:47,917 - INFO - Dataset shape: (47692, 2)
2025-09-17 20:15:47,946 - INFO - Processed cyberbullying_tweets.csv: 47692 samples, labels: {1: 39747, 0: 7945}
2025-09-17 20:15:47,948 - INFO - Loaded 47692 samples from datasets/cyberbullying/cyberbullying_tweets.csv
2025-09-17 20:15:47,949 - INFO - Loading dataset: datasets/cyberbullying/final_hateXplain.csv
2025-09-17 20:15:48,003 - INFO - Dataset final_hatexplain.csv columns: ['comment', 'label', 'Race', 'Religion', 'Gender', 'Sexual Orientation', 'Miscellaneous']
2025-09-17 20:15:48,003 - INFO - Dataset shape: (20109, 7)
2025-09-17 20:15:48,006 - INFO - Generic fallback - unique labels: ['normal' 'offensive' 'hatespeech']
2025-09-17 20:15:48,032 - INFO - Processed final_hatexplain.csv: 20109 samples, labels: {1: 12291, 0: 7818}
2025-09-17 20:15:48,033 - INFO - Loaded 20109 samples from datasets/cyberbullying/final_hateXplain.csv
2025-09-17 20:15:48,033 - INFO - Loading dataset: datasets/cyberbullying/aggression_parsed_dataset.csv
2025-09-17 20:15:48,668 - INFO - Dataset aggression_parsed_dataset.csv columns: ['index', 'Text', 'ed_label_0', 'ed_label_1', 'oh_label']
2025-09-17 20:15:48,669 - INFO - Dataset shape: (115864, 5)
2025-09-17 20:15:48,719 - INFO - Processed aggression_parsed_dataset.csv: 115864 samples, labels: {1: 112544, 0: 3320}
2025-09-17 20:15:48,719 - INFO - Loaded 115864 samples from datasets/cyberbullying/aggression_parsed_dataset.csv
2025-09-17 20:15:48,719 - INFO - Loading dataset: datasets/cyberbullying/attack_parsed_dataset.csv
2025-09-17 20:15:49,392 - INFO - Dataset attack_parsed_dataset.csv columns: ['index', 'Text', 'ed_label_0', 'ed_label_1', 'oh_label']
2025-09-17 20:15:49,393 - INFO - Dataset shape: (115864, 5)
2025-09-17 20:15:49,443 - INFO - Processed attack_parsed_dataset.csv: 115864 samples, labels: {1: 112808, 0: 3056}
2025-09-17 20:15:49,447 - INFO - Loaded 115864 samples from datasets/cyberbullying/attack_parsed_dataset.csv
2025-09-17 20:15:49,447 - INFO - Loading dataset: datasets/cyberbullying/toxicity_parsed_dataset.csv
2025-09-17 20:15:50,265 - INFO - Dataset toxicity_parsed_dataset.csv columns: ['index', 'Text', 'ed_label_0', 'ed_label_1', 'oh_label']
2025-09-17 20:15:50,267 - INFO - Dataset shape: (159686, 5)
2025-09-17 20:15:50,354 - INFO - Processed toxicity_parsed_dataset.csv: 159686 samples, labels: {1: 155215, 0: 4471}
2025-09-17 20:15:50,354 - INFO - Loaded 159686 samples from datasets/cyberbullying/toxicity_parsed_dataset.csv
2025-09-17 20:15:50,354 - INFO - Loading dataset: datasets/cyberbullying/twitter_parsed_dataset.csv
2025-09-17 20:15:50,404 - INFO - Dataset twitter_parsed_dataset.csv columns: ['index', 'id', 'Text', 'Annotation', 'oh_label']
2025-09-17 20:15:50,405 - INFO - Dataset shape: (16851, 5)
2025-09-17 20:15:50,406 - INFO - Unique values in Annotation: ['none' 'sexism' 'racism' nan]
2025-09-17 20:15:50,440 - INFO - Processed twitter_parsed_dataset.csv: 16850 samples, labels: {0: 11501, 1: 5349}
2025-09-17 20:15:50,441 - INFO - Loaded 16850 samples from datasets/cyberbullying/twitter_parsed_dataset.csv
2025-09-17 20:15:50,441 - INFO - Loading dataset: datasets/cyberbullying/twitter_racism_parsed_dataset.csv
2025-09-17 20:15:50,471 - INFO - Dataset twitter_racism_parsed_dataset.csv columns: ['index', 'id', 'Text', 'Annotation', 'oh_label']
2025-09-17 20:15:50,472 - INFO - Dataset shape: (13471, 5)
2025-09-17 20:15:50,474 - INFO - Unique values in Annotation: ['racism' 'none']
2025-09-17 20:15:50,499 - INFO - Processed twitter_racism_parsed_dataset.csv: 13471 samples, labels: {0: 11501, 1: 1970}
2025-09-17 20:15:50,499 - INFO - Loaded 13471 samples from datasets/cyberbullying/twitter_racism_parsed_dataset.csv
2025-09-17 20:15:50,500 - INFO - Loading dataset: datasets/cyberbullying/twitter_sexism_parsed_dataset.csv
2025-09-17 20:15:50,553 - INFO - Dataset twitter_sexism_parsed_dataset.csv columns: ['index', 'id', 'Text', 'Annotation', 'oh_label']
2025-09-17 20:15:50,553 - INFO - Dataset shape: (14881, 5)
2025-09-17 20:15:50,555 - INFO - Unique values in Annotation: ['sexism' 'none' nan]
2025-09-17 20:15:50,588 - INFO - Processed twitter_sexism_parsed_dataset.csv: 14880 samples, labels: {0: 11501, 1: 3379}
2025-09-17 20:15:50,589 - INFO - Loaded 14880 samples from datasets/cyberbullying/twitter_sexism_parsed_dataset.csv
2025-09-17 20:15:50,591 - INFO - Loading dataset: datasets/cyberbullying/youtube_parsed_dataset.csv
2025-09-17 20:15:50,655 - INFO - Dataset youtube_parsed_dataset.csv columns: ['index', 'UserIndex', 'Text', 'Number of Comments', 'Number of Subscribers', 'Membership Duration', 'Number of Uploads', 'Profanity in UserID', 'Age', 'oh_label']
2025-09-17 20:15:50,655 - INFO - Dataset shape: (3464, 10)
2025-09-17 20:15:50,659 - INFO - Processed youtube_parsed_dataset.csv: 3464 samples, labels: {0: 3047, 1: 417}
2025-09-17 20:15:50,659 - INFO - Loaded 3464 samples from datasets/cyberbullying/youtube_parsed_dataset.csv
2025-09-17 20:15:50,660 - INFO - Loading dataset: datasets/cyberbullying/kaggle_parsed_dataset.csv
2025-09-17 20:15:50,687 - INFO - Dataset kaggle_parsed_dataset.csv columns: ['index', 'oh_label', 'Date', 'Text']
2025-09-17 20:15:50,687 - INFO - Dataset shape: (8799, 4)
2025-09-17 20:15:50,693 - INFO - Processed kaggle_parsed_dataset.csv: 8799 samples, labels: {0: 5993, 1: 2806}
2025-09-17 20:15:50,693 - INFO - Loaded 8799 samples from datasets/cyberbullying/kaggle_parsed_dataset.csv
2025-09-17 20:16:28,998 - INFO - Original distribution: {1: 446526, 0: 70153}
2025-09-17 20:16:29,062 - INFO - FAST balanced dataset from 516679 to 50000 samples
2025-09-17 20:16:29,064 - INFO - New distribution: {0: 25000, 1: 25000}
2025-09-17 20:16:29,108 - INFO - Final dataset size: 50000
2025-09-17 20:16:29,109 - INFO - Label distribution: [25000 25000]
2025-09-17 20:16:29,144 - INFO - FAST Dataset Statistics:
2025-09-17 20:16:29,145 - INFO -   Total samples: 50000
2025-09-17 20:16:29,148 - INFO -   Positive samples (cyberbullying): 25000
2025-09-17 20:16:29,152 - INFO -   Negative samples (not cyberbullying): 25000
2025-09-17 20:16:29,156 - INFO -   Class balance ratio: 0.500
2025-09-17 20:16:29,157 - INFO - Good dataset size: 50000 samples
2025-09-17 20:16:29,157 - INFO - Training FAST model with Gradient Boosting...
2025-09-17 20:16:29,157 - INFO - NO SVM - using Logistic Regression + Random Forest + Gradient Boosting
2025-09-17 20:16:29,158 - INFO - This should complete in 5-10 minutes...
2025-09-17 20:16:29,177 - INFO - Vectorizing text data with optimized features...
2025-09-17 20:16:33,568 - INFO - Vectorization completed in 4.39 seconds
2025-09-17 20:16:33,569 - INFO - Quick tuning Logistic Regression...
2025-09-17 20:16:37,141 - INFO - Best LR params: {'C': 1.0, 'solver': 'lbfgs'} (trained in 3.57s)
2025-09-17 20:16:37,141 - INFO - Quick tuning Random Forest...
2025-09-17 20:16:42,433 - INFO - Best RF params: {'max_depth': 15, 'min_samples_split': 5, 'n_estimators': 150} (trained in 5.29s)
2025-09-17 20:16:42,433 - INFO - Quick tuning Gradient Boosting...
2025-09-17 20:18:30,780 - INFO - Best GB params: {'learning_rate': 0.2, 'max_depth': 5, 'n_estimators': 100} (trained in 108.35s)
2025-09-17 20:18:30,781 - INFO - Training FAST ensemble model...
2025-09-17 20:19:48,330 - INFO - Ensemble training completed in 77.55 seconds
2025-09-17 20:19:48,330 - INFO - Quick cross-validation...
2025-09-17 20:21:38,781 - INFO - CV F1 scores: [0.86593903 0.86344931 0.86104032]
2025-09-17 20:21:38,782 - INFO - Mean CV F1: 0.8635 (+/- 0.0040)
2025-09-17 20:21:38,955 - ERROR - FAST training failed: This 'VotingClassifier' has no attribute 'predict_proba'
2025-09-17 20:21:38,958 - ERROR - Traceback (most recent call last):
  File "C:\Users\yesha\Desktop\threat_det\venv\Lib\site-packages\sklearn\utils\_available_if.py", line 32, in _check
    check_result = self.check(obj)
                   ^^^^^^^^^^^^^^^
  File "C:\Users\yesha\Desktop\threat_det\venv\Lib\site-packages\sklearn\ensemble\_voting.py", line 442, in _check_voting
    raise AttributeError(
AttributeError: predict_proba is not available when voting='hard'

The above exception was the direct cause of the following exception:

Traceback (most recent call last):
  File "C:\Users\yesha\Desktop\threat_det\backend\modules\cyberbullying\train.py", line 220, in train_fast_cyberbullying_model
    results = detector.enhanced_train_model(X, y)
              ^^^^^^^^^^^^^^^^^^^^^^^^^^^^^^^^^^^
  File "C:\Users\yesha\Desktop\threat_det\backend\modules\cyberbullying\detector.py", line 499, in enhanced_train_model
    y_pred_proba = ensemble.predict_proba(X_test_vec)
                   ^^^^^^^^^^^^^^^^^^^^^^
  File "C:\Users\yesha\Desktop\threat_det\venv\Lib\site-packages\sklearn\utils\_available_if.py", line 43, in __get__
    self._check(obj, owner=owner)
  File "C:\Users\yesha\Desktop\threat_det\venv\Lib\site-packages\sklearn\utils\_available_if.py", line 34, in _check
    raise AttributeError(attr_err_msg) from e
AttributeError: This 'VotingClassifier' has no attribute 'predict_proba'

2025-09-17 20:28:11,157 - INFO - Starting FAST Cyberbullying Detection Model Training
2025-09-17 20:28:11,157 - INFO - ============================================================
2025-09-17 20:28:12,935 - INFO - ✓ Gradient Boosting support available
2025-09-17 20:28:12,936 - INFO - Setting up NLTK data...
2025-09-17 20:28:12,937 - INFO - [OK] NLTK punkt already available
2025-09-17 20:28:12,938 - INFO - [OK] NLTK stopwords already available
2025-09-17 20:28:12,940 - INFO - Downloading NLTK data: wordnet
2025-09-17 20:28:13,092 - INFO - [OK] Downloaded wordnet
2025-09-17 20:28:13,095 - INFO - Downloading NLTK data: omw-1.4
2025-09-17 20:28:13,164 - INFO - [OK] Downloaded omw-1.4
2025-09-17 20:28:13,164 - INFO - NLTK data setup completed
2025-09-17 20:28:13,171 - INFO - [OK] Found dataset: datasets/cyberbullying/cyberbullying_tweets.csv (6.8 MB)
2025-09-17 20:28:13,177 - INFO - [OK] Found dataset: datasets/cyberbullying/final_hateXplain.csv (3.6 MB)
2025-09-17 20:28:13,183 - INFO - [OK] Found dataset: datasets/cyberbullying/aggression_parsed_dataset.csv (48.1 MB)
2025-09-17 20:28:13,189 - INFO - [OK] Found dataset: datasets/cyberbullying/attack_parsed_dataset.csv (48.0 MB)
2025-09-17 20:28:13,194 - INFO - [OK] Found dataset: datasets/cyberbullying/toxicity_parsed_dataset.csv (63.6 MB)
2025-09-17 20:28:13,201 - INFO - [OK] Found dataset: datasets/cyberbullying/twitter_parsed_dataset.csv (2.4 MB)
2025-09-17 20:28:13,207 - INFO - [OK] Found dataset: datasets/cyberbullying/twitter_racism_parsed_dataset.csv (1.9 MB)
2025-09-17 20:28:13,213 - INFO - [OK] Found dataset: datasets/cyberbullying/twitter_sexism_parsed_dataset.csv (2.1 MB)
2025-09-17 20:28:13,219 - INFO - [OK] Found dataset: datasets/cyberbullying/youtube_parsed_dataset.csv (3.7 MB)
2025-09-17 20:28:13,223 - INFO - [OK] Found dataset: datasets/cyberbullying/kaggle_parsed_dataset.csv (1.7 MB)
2025-09-17 20:28:13,224 - INFO - Total dataset size: 181.9 MB
2025-09-17 20:28:13,224 - INFO - Found 10 usable datasets
2025-09-17 20:28:13,224 - INFO - Total dataset size: 181.9 MB
2025-09-17 20:28:13,861 - INFO - Fast detector initialized (no transformer for speed)
2025-09-17 20:28:13,861 - INFO - Loading and preprocessing datasets with FAST optimizations...
2025-09-17 20:28:13,862 - INFO - Loading dataset: datasets/cyberbullying/cyberbullying_tweets.csv
2025-09-17 20:28:13,949 - INFO - Dataset cyberbullying_tweets.csv columns: ['tweet_text', 'cyberbullying_type']
2025-09-17 20:28:13,949 - INFO - Dataset shape: (47692, 2)
2025-09-17 20:28:13,972 - INFO - Processed cyberbullying_tweets.csv: 47692 samples, labels: {1: 39747, 0: 7945}
2025-09-17 20:28:13,972 - INFO - Loaded 47692 samples from datasets/cyberbullying/cyberbullying_tweets.csv
2025-09-17 20:28:13,973 - INFO - Loading dataset: datasets/cyberbullying/final_hateXplain.csv
2025-09-17 20:28:14,026 - INFO - Dataset final_hatexplain.csv columns: ['comment', 'label', 'Race', 'Religion', 'Gender', 'Sexual Orientation', 'Miscellaneous']
2025-09-17 20:28:14,026 - INFO - Dataset shape: (20109, 7)
2025-09-17 20:28:14,029 - INFO - Generic fallback - unique labels: ['normal' 'offensive' 'hatespeech']
2025-09-17 20:28:14,055 - INFO - Processed final_hatexplain.csv: 20109 samples, labels: {1: 12291, 0: 7818}
2025-09-17 20:28:14,056 - INFO - Loaded 20109 samples from datasets/cyberbullying/final_hateXplain.csv
2025-09-17 20:28:14,056 - INFO - Loading dataset: datasets/cyberbullying/aggression_parsed_dataset.csv
2025-09-17 20:28:14,690 - INFO - Dataset aggression_parsed_dataset.csv columns: ['index', 'Text', 'ed_label_0', 'ed_label_1', 'oh_label']
2025-09-17 20:28:14,690 - INFO - Dataset shape: (115864, 5)
2025-09-17 20:28:14,744 - INFO - Processed aggression_parsed_dataset.csv: 115864 samples, labels: {1: 112544, 0: 3320}
2025-09-17 20:28:14,744 - INFO - Loaded 115864 samples from datasets/cyberbullying/aggression_parsed_dataset.csv
2025-09-17 20:28:14,744 - INFO - Loading dataset: datasets/cyberbullying/attack_parsed_dataset.csv
2025-09-17 20:28:15,386 - INFO - Dataset attack_parsed_dataset.csv columns: ['index', 'Text', 'ed_label_0', 'ed_label_1', 'oh_label']
2025-09-17 20:28:15,386 - INFO - Dataset shape: (115864, 5)
2025-09-17 20:28:15,440 - INFO - Processed attack_parsed_dataset.csv: 115864 samples, labels: {1: 112808, 0: 3056}
2025-09-17 20:28:15,441 - INFO - Loaded 115864 samples from datasets/cyberbullying/attack_parsed_dataset.csv
2025-09-17 20:28:15,441 - INFO - Loading dataset: datasets/cyberbullying/toxicity_parsed_dataset.csv
2025-09-17 20:28:16,253 - INFO - Dataset toxicity_parsed_dataset.csv columns: ['index', 'Text', 'ed_label_0', 'ed_label_1', 'oh_label']
2025-09-17 20:28:16,253 - INFO - Dataset shape: (159686, 5)
2025-09-17 20:28:16,346 - INFO - Processed toxicity_parsed_dataset.csv: 159686 samples, labels: {1: 155215, 0: 4471}
2025-09-17 20:28:16,346 - INFO - Loaded 159686 samples from datasets/cyberbullying/toxicity_parsed_dataset.csv
2025-09-17 20:28:16,346 - INFO - Loading dataset: datasets/cyberbullying/twitter_parsed_dataset.csv
2025-09-17 20:28:16,398 - INFO - Dataset twitter_parsed_dataset.csv columns: ['index', 'id', 'Text', 'Annotation', 'oh_label']
2025-09-17 20:28:16,399 - INFO - Dataset shape: (16851, 5)
2025-09-17 20:28:16,401 - INFO - Unique values in Annotation: ['none' 'sexism' 'racism' nan]
2025-09-17 20:28:16,434 - INFO - Processed twitter_parsed_dataset.csv: 16850 samples, labels: {0: 11501, 1: 5349}
2025-09-17 20:28:16,434 - INFO - Loaded 16850 samples from datasets/cyberbullying/twitter_parsed_dataset.csv
2025-09-17 20:28:16,436 - INFO - Loading dataset: datasets/cyberbullying/twitter_racism_parsed_dataset.csv
2025-09-17 20:28:16,465 - INFO - Dataset twitter_racism_parsed_dataset.csv columns: ['index', 'id', 'Text', 'Annotation', 'oh_label']
2025-09-17 20:28:16,465 - INFO - Dataset shape: (13471, 5)
2025-09-17 20:28:16,467 - INFO - Unique values in Annotation: ['racism' 'none']
2025-09-17 20:28:16,490 - INFO - Processed twitter_racism_parsed_dataset.csv: 13471 samples, labels: {0: 11501, 1: 1970}
2025-09-17 20:28:16,491 - INFO - Loaded 13471 samples from datasets/cyberbullying/twitter_racism_parsed_dataset.csv
2025-09-17 20:28:16,491 - INFO - Loading dataset: datasets/cyberbullying/twitter_sexism_parsed_dataset.csv
2025-09-17 20:28:16,532 - INFO - Dataset twitter_sexism_parsed_dataset.csv columns: ['index', 'id', 'Text', 'Annotation', 'oh_label']
2025-09-17 20:28:16,532 - INFO - Dataset shape: (14881, 5)
2025-09-17 20:28:16,535 - INFO - Unique values in Annotation: ['sexism' 'none' nan]
2025-09-17 20:28:16,563 - INFO - Processed twitter_sexism_parsed_dataset.csv: 14880 samples, labels: {0: 11501, 1: 3379}
2025-09-17 20:28:16,563 - INFO - Loaded 14880 samples from datasets/cyberbullying/twitter_sexism_parsed_dataset.csv
2025-09-17 20:28:16,563 - INFO - Loading dataset: datasets/cyberbullying/youtube_parsed_dataset.csv
2025-09-17 20:28:16,609 - INFO - Dataset youtube_parsed_dataset.csv columns: ['index', 'UserIndex', 'Text', 'Number of Comments', 'Number of Subscribers', 'Membership Duration', 'Number of Uploads', 'Profanity in UserID', 'Age', 'oh_label']
2025-09-17 20:28:16,610 - INFO - Dataset shape: (3464, 10)
2025-09-17 20:28:16,614 - INFO - Processed youtube_parsed_dataset.csv: 3464 samples, labels: {0: 3047, 1: 417}
2025-09-17 20:28:16,614 - INFO - Loaded 3464 samples from datasets/cyberbullying/youtube_parsed_dataset.csv
2025-09-17 20:28:16,614 - INFO - Loading dataset: datasets/cyberbullying/kaggle_parsed_dataset.csv
2025-09-17 20:28:16,639 - INFO - Dataset kaggle_parsed_dataset.csv columns: ['index', 'oh_label', 'Date', 'Text']
2025-09-17 20:28:16,639 - INFO - Dataset shape: (8799, 4)
2025-09-17 20:28:16,645 - INFO - Processed kaggle_parsed_dataset.csv: 8799 samples, labels: {0: 5993, 1: 2806}
2025-09-17 20:28:16,645 - INFO - Loaded 8799 samples from datasets/cyberbullying/kaggle_parsed_dataset.csv
2025-09-17 20:28:54,738 - INFO - Original distribution: {1: 446526, 0: 70153}
2025-09-17 20:28:54,801 - INFO - FAST balanced dataset from 516679 to 50000 samples
2025-09-17 20:28:54,804 - INFO - New distribution: {0: 25000, 1: 25000}
2025-09-17 20:28:54,850 - INFO - Final dataset size: 50000
2025-09-17 20:28:54,851 - INFO - Label distribution: [25000 25000]
2025-09-17 20:28:54,886 - INFO - FAST Dataset Statistics:
2025-09-17 20:28:54,886 - INFO -   Total samples: 50000
2025-09-17 20:28:54,890 - INFO -   Positive samples (cyberbullying): 25000
2025-09-17 20:28:54,894 - INFO -   Negative samples (not cyberbullying): 25000
2025-09-17 20:28:54,898 - INFO -   Class balance ratio: 0.500
2025-09-17 20:28:54,898 - INFO - Good dataset size: 50000 samples
2025-09-17 20:28:54,898 - INFO - Training FAST model with Gradient Boosting...
2025-09-17 20:28:54,898 - INFO - NO SVM - using Logistic Regression + Random Forest + Gradient Boosting
2025-09-17 20:28:54,898 - INFO - This should complete in 5-10 minutes...
2025-09-17 20:28:54,918 - INFO - Vectorizing text data with optimized features...
2025-09-17 20:28:59,313 - INFO - Vectorization completed in 4.39 seconds
2025-09-17 20:28:59,314 - INFO - Quick tuning Logistic Regression...
2025-09-17 20:29:02,824 - INFO - Best LR params: {'C': 1.0, 'solver': 'lbfgs'} (trained in 3.51s)
2025-09-17 20:29:02,824 - INFO - Quick tuning Random Forest...
2025-09-17 20:29:08,105 - INFO - Best RF params: {'max_depth': 15, 'min_samples_split': 5, 'n_estimators': 150} (trained in 5.28s)
2025-09-17 20:29:08,105 - INFO - Quick tuning Gradient Boosting...
2025-09-17 20:30:56,348 - INFO - Best GB params: {'learning_rate': 0.2, 'max_depth': 5, 'n_estimators': 100} (trained in 108.24s)
2025-09-17 20:30:56,349 - INFO - Training FIXED ensemble model...
2025-09-17 20:34:28,910 - INFO - Ensemble training completed in 212.56 seconds
2025-09-17 20:34:28,911 - INFO - Quick cross-validation...
2025-09-17 20:36:17,877 - INFO - CV F1 scores: [0.86944301 0.86630859 0.86294044]
2025-09-17 20:36:17,878 - INFO - Mean CV F1: 0.8662 (+/- 0.0053)
2025-09-17 20:36:18,124 - INFO - FIXED Model Results:
2025-09-17 20:36:18,125 - INFO - Accuracy: 0.8705
2025-09-17 20:36:18,125 - INFO - Precision: 0.8633
2025-09-17 20:36:18,126 - INFO - Recall: 0.8804
2025-09-17 20:36:18,127 - INFO - F1 Score: 0.8718
2025-09-17 20:36:18,178 - INFO - Optimal threshold: 0.5500
2025-09-17 20:36:18,456 - INFO - FIXED model saved to backend/models/cyberbullying/fast_cyberbullying_model.pkl
2025-09-17 20:36:18,481 - INFO - FAST training completed!
2025-09-17 20:36:18,483 - INFO - ==================================================
2025-09-17 20:36:18,484 - INFO - FAST MODEL RESULTS:
2025-09-17 20:36:18,484 - INFO - ==================================================
2025-09-17 20:36:18,484 - INFO - Overall Accuracy: 0.8705
2025-09-17 20:36:18,485 - INFO - Precision (reduces false positives): 0.8633
2025-09-17 20:36:18,485 - INFO - Recall (catches true positives): 0.8804
2025-09-17 20:36:18,485 - INFO - F1 Score (balanced metric): 0.8718
2025-09-17 20:36:18,485 - INFO - Cross-Validation F1: 0.8662 (+/- 0.0027)
2025-09-17 20:36:18,488 - INFO - Optimal Threshold: 0.5500
2025-09-17 20:36:18,489 - INFO - 
Confusion Matrix:
2025-09-17 20:36:18,489 - INFO -   True Negatives:  4303 (correctly identified safe content)
2025-09-17 20:36:18,489 - INFO -   False Positives: 697 (safe content flagged as cyberbullying)
2025-09-17 20:36:18,489 - INFO -   False Negatives: 598 (missed cyberbullying)
2025-09-17 20:36:18,490 - INFO -   True Positives:  4402 (correctly identified cyberbullying)
2025-09-17 20:36:18,490 - INFO - 
Top 10 Most Important Features:
2025-09-17 20:36:18,490 - INFO -    1. [user]                    (0.9596)
2025-09-17 20:36:18,490 - INFO -    2. hashtag_mkr               (0.8916)
2025-09-17 20:36:18,491 - INFO -    3. article                   (0.4897)
2025-09-17 20:36:18,491 - INFO -    4. page                      (0.3560)
2025-09-17 20:36:18,491 - INFO -    5. fuck                      (0.2978)
2025-09-17 20:36:18,491 - INFO -    6. wikipedia                 (0.2934)
2025-09-17 20:36:18,492 - INFO -    7. fucking                   (0.2528)
2025-09-17 20:36:18,492 - INFO -    8. articles                  (0.2219)
2025-09-17 20:36:18,493 - INFO -    9. [url]                     (0.2116)
2025-09-17 20:36:18,493 - INFO -   10. section                   (0.1994)
2025-09-17 20:36:18,493 - INFO - 
Best Model Parameters:
2025-09-17 20:36:18,493 - INFO -   Logistic Regression: {'C': 1.0, 'solver': 'lbfgs'}
2025-09-17 20:36:18,493 - INFO -   Random Forest: {'max_depth': 15, 'min_samples_split': 5, 'n_estimators': 150}
2025-09-17 20:36:18,494 - INFO -   Gradient Boosting: {'learning_rate': 0.2, 'max_depth': 5, 'n_estimators': 100}
2025-09-17 20:36:18,494 - INFO - 
Training Times:
2025-09-17 20:36:18,494 - INFO -   Vectorization: 4.39s
2025-09-17 20:36:18,495 - INFO -   Logistic Regression: 3.51s
2025-09-17 20:36:18,495 - INFO -   Random Forest: 5.28s
2025-09-17 20:36:18,495 - INFO -   Gradient Boosting: 108.24s
2025-09-17 20:36:18,496 - INFO -   Ensemble: 212.56s
2025-09-17 20:36:18,496 - INFO -   Total Training Time: 333.99s (5.57 minutes)
2025-09-17 20:36:18,496 - INFO - 
FAST model saved to: backend/models/cyberbullying/
2025-09-17 20:36:18,497 - INFO - Total script duration: 0:07:23.582583
2025-09-17 20:36:18,497 - INFO - 
============================================================
2025-09-17 20:36:18,497 - INFO - RUNNING FAST TESTING FRAMEWORK
2025-09-17 20:36:18,497 - INFO - ============================================================
2025-09-17 20:36:18,498 - INFO - Running FAST test suite...
2025-09-17 20:36:18,498 - INFO - ==================================================
2025-09-17 20:36:18,551 - INFO - Test  1: ✓ PASS - personal_attack
2025-09-17 20:36:18,552 - INFO -   Text: You're so ugly and stupid, nobody likes you
2025-09-17 20:36:18,553 - INFO -   Expected: True, Predicted: True
2025-09-17 20:36:18,553 - INFO -   Confidence: 0.586, Threshold: 0.450
2025-09-17 20:36:18,554 - INFO - 
2025-09-17 20:36:18,596 - INFO - Test  2: ✓ PASS - threat
2025-09-17 20:36:18,596 - INFO -   Text: Kill yourself, you worthless piece of trash
2025-09-17 20:36:18,596 - INFO -   Expected: True, Predicted: True
2025-09-17 20:36:18,597 - INFO -   Confidence: 0.497, Threshold: 0.350
2025-09-17 20:36:18,597 - INFO - 
2025-09-17 20:36:18,632 - INFO - Test  3: ✓ PASS - hate_speech
2025-09-17 20:36:18,633 - INFO -   Text: I hate you so much, go die!
2025-09-17 20:36:18,633 - INFO -   Expected: True, Predicted: True
2025-09-17 20:36:18,634 - INFO -   Confidence: 0.522, Threshold: 0.350
2025-09-17 20:36:18,634 - INFO - 
2025-09-17 20:36:18,669 - INFO - Test  4: ✓ PASS - harassment
2025-09-17 20:36:18,671 - INFO -   Text: You fat loser, you should just disappear
2025-09-17 20:36:18,671 - INFO -   Expected: True, Predicted: True
2025-09-17 20:36:18,672 - INFO -   Confidence: 0.579, Threshold: 0.450
2025-09-17 20:36:18,672 - INFO - 
2025-09-17 20:36:18,739 - INFO - Test  5: ✗ FAIL - exclusion
2025-09-17 20:36:18,740 - INFO -   Text: Nobody wants you here, just leave and never come back
2025-09-17 20:36:18,740 - INFO -   Expected: True, Predicted: False
2025-09-17 20:36:18,740 - INFO -   Confidence: 0.544, Threshold: 0.550
2025-09-17 20:36:18,741 - INFO -   → FALSE NEGATIVE: Missed actual cyberbullying
2025-09-17 20:36:18,741 - INFO - 
2025-09-17 20:36:18,785 - INFO - Test  6: ✓ PASS - subtle_mockery
2025-09-17 20:36:18,785 - INFO -   Text: Wow, you really thought that was a good idea? That's... interesting.
2025-09-17 20:36:18,786 - INFO -   Expected: True, Predicted: True
2025-09-17 20:36:18,786 - INFO -   Confidence: 0.583, Threshold: 0.550
2025-09-17 20:36:18,786 - INFO - 
2025-09-17 20:36:18,838 - INFO - Test  7: ✓ PASS - backhanded_insult
2025-09-17 20:36:18,838 - INFO -   Text: I'm sure someone, somewhere might find you attractive
2025-09-17 20:36:18,839 - INFO -   Expected: True, Predicted: True
2025-09-17 20:36:18,839 - INFO -   Confidence: 0.559, Threshold: 0.550
2025-09-17 20:36:18,840 - INFO - 
2025-09-17 20:36:18,873 - INFO - Test  8: ✓ PASS - positive
2025-09-17 20:36:18,874 - INFO -   Text: You're such an amazing person! Keep being awesome!
2025-09-17 20:36:18,875 - INFO -   Expected: False, Predicted: False
2025-09-17 20:36:18,875 - INFO -   Confidence: 0.393, Threshold: 0.550
2025-09-17 20:36:18,876 - INFO - 
2025-09-17 20:36:18,920 - INFO - Test  9: ✓ PASS - neutral
2025-09-17 20:36:18,922 - INFO -   Text: Just had a great day at the park with friends
2025-09-17 20:36:18,923 - INFO -   Expected: False, Predicted: False
2025-09-17 20:36:18,923 - INFO -   Confidence: 0.542, Threshold: 0.550
2025-09-17 20:36:18,924 - INFO - 
2025-09-17 20:36:18,972 - INFO - Test 10: ✓ PASS - friendly
2025-09-17 20:36:18,972 - INFO -   Text: Hey, how are you doing today? Hope you're well!
2025-09-17 20:36:18,973 - INFO -   Expected: False, Predicted: False
2025-09-17 20:36:18,973 - INFO -   Confidence: 0.427, Threshold: 0.550
2025-09-17 20:36:18,973 - INFO - 
2025-09-17 20:36:19,023 - INFO - Test 11: ✗ FAIL - casual
2025-09-17 20:36:19,023 - INFO -   Text: Looking forward to the weekend
2025-09-17 20:36:19,023 - INFO -   Expected: False, Predicted: True
2025-09-17 20:36:19,024 - INFO -   Confidence: 0.555, Threshold: 0.550
2025-09-17 20:36:19,024 - INFO -   → FALSE POSITIVE: Incorrectly flagged safe content
2025-09-17 20:36:19,024 - INFO - 
2025-09-17 20:36:19,057 - INFO - Test 12: ✓ PASS - casual_profanity
2025-09-17 20:36:19,058 - INFO -   Text: That movie was fucking amazing!
2025-09-17 20:36:19,058 - INFO -   Expected: False, Predicted: False
2025-09-17 20:36:19,059 - INFO -   Confidence: 0.203, Threshold: 0.550
2025-09-17 20:36:19,059 - INFO - 
2025-09-17 20:36:19,102 - INFO - Test 13: ✗ FAIL - positive_slang
2025-09-17 20:36:19,103 - INFO -   Text: You're killing it in this game!
2025-09-17 20:36:19,104 - INFO -   Expected: False, Predicted: True
2025-09-17 20:36:19,104 - INFO -   Confidence: 0.658, Threshold: 0.350
2025-09-17 20:36:19,105 - INFO -   → FALSE POSITIVE: Incorrectly flagged safe content
2025-09-17 20:36:19,106 - INFO - 
2025-09-17 20:36:19,152 - INFO - Test 14: ✗ FAIL - metaphorical
2025-09-17 20:36:19,157 - INFO -   Text: This assignment is killing me
2025-09-17 20:36:19,157 - INFO -   Expected: False, Predicted: True
2025-09-17 20:36:19,158 - INFO -   Confidence: 0.658, Threshold: 0.350
2025-09-17 20:36:19,158 - INFO -   → FALSE POSITIVE: Incorrectly flagged safe content
2025-09-17 20:36:19,158 - INFO - 
2025-09-17 20:36:19,207 - INFO - Test 15: ✓ PASS - enthusiasm
2025-09-17 20:36:19,208 - INFO -   Text: I LOVE THIS SONG SO MUCH!!!
2025-09-17 20:36:19,208 - INFO -   Expected: False, Predicted: False
2025-09-17 20:36:19,208 - INFO -   Confidence: 0.234, Threshold: 0.550
2025-09-17 20:36:19,210 - INFO - 
2025-09-17 20:36:19,210 - INFO - ==================================================
2025-09-17 20:36:19,210 - INFO - FAST TEST RESULTS:
2025-09-17 20:36:19,210 - INFO - ==================================================
2025-09-17 20:36:19,211 - INFO - Overall Accuracy: 73.3% (11/15)
2025-09-17 20:36:19,211 - INFO - 
==================================================
2025-09-17 20:36:19,212 - INFO - FAST TESTING SUMMARY:
2025-09-17 20:36:19,212 - INFO - ==================================================
2025-09-17 20:36:19,212 - WARNING - ⚠️ Model needs some improvement
2025-09-17 20:36:19,213 - INFO - Overall Test Accuracy: 73.3%
2025-09-17 20:36:19,213 - INFO - 
FAST Model Performance Expectations:
2025-09-17 20:36:19,214 - INFO - • Expected accuracy: 75-85% (trade-off for speed)
2025-09-17 20:36:19,214 - INFO - • Training time: 5-10 minutes (vs hours with SVM)
2025-09-17 20:36:19,214 - INFO - • Models used: Logistic Regression + Random Forest + Gradient Boosting
2025-09-17 20:36:19,214 - INFO - • Good for: Development, testing, and production deployment
2025-09-17 20:36:19,215 - INFO - • Inference speed: <50ms per prediction
2025-09-18 18:05:30,222 - INFO - Starting FAST Cyberbullying Detection Model Training
2025-09-18 18:05:30,226 - INFO - ============================================================
2025-09-18 18:05:31,978 - INFO - ✓ Gradient Boosting support available
2025-09-18 18:05:31,979 - INFO - Setting up NLTK data...
2025-09-18 18:05:31,980 - INFO - [OK] NLTK punkt already available
2025-09-18 18:05:31,980 - INFO - [OK] NLTK stopwords already available
2025-09-18 18:05:31,983 - INFO - Downloading NLTK data: wordnet
2025-09-18 18:05:32,217 - INFO - [OK] Downloaded wordnet
2025-09-18 18:05:32,219 - INFO - Downloading NLTK data: omw-1.4
2025-09-18 18:05:32,287 - INFO - [OK] Downloaded omw-1.4
2025-09-18 18:05:32,287 - INFO - NLTK data setup completed
2025-09-18 18:05:32,322 - INFO - [OK] Found dataset: datasets/cyberbullying/cyberbullying_tweets.csv (6.8 MB)
2025-09-18 18:05:32,342 - INFO - [OK] Found dataset: datasets/cyberbullying/final_hateXplain.csv (3.6 MB)
2025-09-18 18:05:32,705 - INFO - [OK] Found dataset: datasets/cyberbullying/aggression_parsed_dataset.csv (48.1 MB)
2025-09-18 18:05:33,073 - INFO - [OK] Found dataset: datasets/cyberbullying/attack_parsed_dataset.csv (48.0 MB)
2025-09-18 18:05:33,101 - INFO - [OK] Found dataset: datasets/cyberbullying/toxicity_parsed_dataset.csv (63.6 MB)
2025-09-18 18:05:33,123 - INFO - [OK] Found dataset: datasets/cyberbullying/twitter_parsed_dataset.csv (2.4 MB)
2025-09-18 18:05:33,209 - INFO - [OK] Found dataset: datasets/cyberbullying/twitter_racism_parsed_dataset.csv (1.9 MB)
2025-09-18 18:05:33,232 - INFO - [OK] Found dataset: datasets/cyberbullying/twitter_sexism_parsed_dataset.csv (2.1 MB)
2025-09-18 18:05:33,252 - INFO - [OK] Found dataset: datasets/cyberbullying/youtube_parsed_dataset.csv (3.7 MB)
2025-09-18 18:05:33,273 - INFO - [OK] Found dataset: datasets/cyberbullying/kaggle_parsed_dataset.csv (1.7 MB)
2025-09-18 18:05:33,273 - INFO - Total dataset size: 181.9 MB
2025-09-18 18:05:33,274 - INFO - Found 10 usable datasets
2025-09-18 18:05:33,274 - INFO - Total dataset size: 181.9 MB
2025-09-18 18:05:34,027 - INFO - Fast detector initialized (no transformer for speed)
2025-09-18 18:05:34,027 - INFO - Loading and preprocessing datasets with FAST optimizations...
2025-09-18 18:05:34,028 - INFO - Loading dataset: datasets/cyberbullying/cyberbullying_tweets.csv
2025-09-18 18:05:34,165 - INFO - Dataset cyberbullying_tweets.csv columns: ['tweet_text', 'cyberbullying_type']
2025-09-18 18:05:34,165 - INFO - Dataset shape: (47692, 2)
2025-09-18 18:05:34,193 - INFO - Processed cyberbullying_tweets.csv: 47692 samples, labels: {1: 39747, 0: 7945}
2025-09-18 18:05:34,193 - INFO - Loaded 47692 samples from datasets/cyberbullying/cyberbullying_tweets.csv
2025-09-18 18:05:34,193 - INFO - Loading dataset: datasets/cyberbullying/final_hateXplain.csv
2025-09-18 18:05:34,247 - INFO - Dataset final_hatexplain.csv columns: ['comment', 'label', 'Race', 'Religion', 'Gender', 'Sexual Orientation', 'Miscellaneous']
2025-09-18 18:05:34,248 - INFO - Dataset shape: (20109, 7)
2025-09-18 18:05:34,251 - INFO - Generic fallback - unique labels: ['normal' 'offensive' 'hatespeech']
2025-09-18 18:05:34,276 - INFO - Processed final_hatexplain.csv: 20109 samples, labels: {1: 12291, 0: 7818}
2025-09-18 18:05:34,276 - INFO - Loaded 20109 samples from datasets/cyberbullying/final_hateXplain.csv
2025-09-18 18:05:34,277 - INFO - Loading dataset: datasets/cyberbullying/aggression_parsed_dataset.csv
2025-09-18 18:05:34,887 - INFO - Dataset aggression_parsed_dataset.csv columns: ['index', 'Text', 'ed_label_0', 'ed_label_1', 'oh_label']
2025-09-18 18:05:34,888 - INFO - Dataset shape: (115864, 5)
2025-09-18 18:05:34,939 - INFO - Processed aggression_parsed_dataset.csv: 115864 samples, labels: {1: 112544, 0: 3320}
2025-09-18 18:05:34,940 - INFO - Loaded 115864 samples from datasets/cyberbullying/aggression_parsed_dataset.csv
2025-09-18 18:05:34,940 - INFO - Loading dataset: datasets/cyberbullying/attack_parsed_dataset.csv
2025-09-18 18:05:35,542 - INFO - Dataset attack_parsed_dataset.csv columns: ['index', 'Text', 'ed_label_0', 'ed_label_1', 'oh_label']
2025-09-18 18:05:35,543 - INFO - Dataset shape: (115864, 5)
2025-09-18 18:05:35,597 - INFO - Processed attack_parsed_dataset.csv: 115864 samples, labels: {1: 112808, 0: 3056}
2025-09-18 18:05:35,598 - INFO - Loaded 115864 samples from datasets/cyberbullying/attack_parsed_dataset.csv
2025-09-18 18:05:35,598 - INFO - Loading dataset: datasets/cyberbullying/toxicity_parsed_dataset.csv
2025-09-18 18:05:36,455 - INFO - Dataset toxicity_parsed_dataset.csv columns: ['index', 'Text', 'ed_label_0', 'ed_label_1', 'oh_label']
2025-09-18 18:05:36,456 - INFO - Dataset shape: (159686, 5)
2025-09-18 18:05:36,541 - INFO - Processed toxicity_parsed_dataset.csv: 159686 samples, labels: {1: 155215, 0: 4471}
2025-09-18 18:05:36,541 - INFO - Loaded 159686 samples from datasets/cyberbullying/toxicity_parsed_dataset.csv
2025-09-18 18:05:36,542 - INFO - Loading dataset: datasets/cyberbullying/twitter_parsed_dataset.csv
2025-09-18 18:05:36,591 - INFO - Dataset twitter_parsed_dataset.csv columns: ['index', 'id', 'Text', 'Annotation', 'oh_label']
2025-09-18 18:05:36,591 - INFO - Dataset shape: (16851, 5)
2025-09-18 18:05:36,592 - INFO - Unique values in Annotation: ['none' 'sexism' 'racism' nan]
2025-09-18 18:05:36,627 - INFO - Processed twitter_parsed_dataset.csv: 16850 samples, labels: {0: 11501, 1: 5349}
2025-09-18 18:05:36,627 - INFO - Loaded 16850 samples from datasets/cyberbullying/twitter_parsed_dataset.csv
2025-09-18 18:05:36,628 - INFO - Loading dataset: datasets/cyberbullying/twitter_racism_parsed_dataset.csv
2025-09-18 18:05:36,659 - INFO - Dataset twitter_racism_parsed_dataset.csv columns: ['index', 'id', 'Text', 'Annotation', 'oh_label']
2025-09-18 18:05:36,659 - INFO - Dataset shape: (13471, 5)
2025-09-18 18:05:36,660 - INFO - Unique values in Annotation: ['racism' 'none']
2025-09-18 18:05:36,686 - INFO - Processed twitter_racism_parsed_dataset.csv: 13471 samples, labels: {0: 11501, 1: 1970}
2025-09-18 18:05:36,686 - INFO - Loaded 13471 samples from datasets/cyberbullying/twitter_racism_parsed_dataset.csv
2025-09-18 18:05:36,686 - INFO - Loading dataset: datasets/cyberbullying/twitter_sexism_parsed_dataset.csv
2025-09-18 18:05:36,729 - INFO - Dataset twitter_sexism_parsed_dataset.csv columns: ['index', 'id', 'Text', 'Annotation', 'oh_label']
2025-09-18 18:05:36,729 - INFO - Dataset shape: (14881, 5)
2025-09-18 18:05:36,731 - INFO - Unique values in Annotation: ['sexism' 'none' nan]
2025-09-18 18:05:36,760 - INFO - Processed twitter_sexism_parsed_dataset.csv: 14880 samples, labels: {0: 11501, 1: 3379}
2025-09-18 18:05:36,761 - INFO - Loaded 14880 samples from datasets/cyberbullying/twitter_sexism_parsed_dataset.csv
2025-09-18 18:05:36,761 - INFO - Loading dataset: datasets/cyberbullying/youtube_parsed_dataset.csv
2025-09-18 18:05:36,820 - INFO - Dataset youtube_parsed_dataset.csv columns: ['index', 'UserIndex', 'Text', 'Number of Comments', 'Number of Subscribers', 'Membership Duration', 'Number of Uploads', 'Profanity in UserID', 'Age', 'oh_label']
2025-09-18 18:05:36,820 - INFO - Dataset shape: (3464, 10)
2025-09-18 18:05:36,825 - INFO - Processed youtube_parsed_dataset.csv: 3464 samples, labels: {0: 3047, 1: 417}
2025-09-18 18:05:36,825 - INFO - Loaded 3464 samples from datasets/cyberbullying/youtube_parsed_dataset.csv
2025-09-18 18:05:36,827 - INFO - Loading dataset: datasets/cyberbullying/kaggle_parsed_dataset.csv
2025-09-18 18:05:36,862 - INFO - Dataset kaggle_parsed_dataset.csv columns: ['index', 'oh_label', 'Date', 'Text']
2025-09-18 18:05:36,862 - INFO - Dataset shape: (8799, 4)
2025-09-18 18:05:36,868 - INFO - Processed kaggle_parsed_dataset.csv: 8799 samples, labels: {0: 5993, 1: 2806}
2025-09-18 18:05:36,868 - INFO - Loaded 8799 samples from datasets/cyberbullying/kaggle_parsed_dataset.csv
2025-09-18 18:06:11,708 - INFO - Original distribution: {1: 446526, 0: 70153}
2025-09-18 18:06:11,764 - INFO - FAST balanced dataset from 516679 to 50000 samples
2025-09-18 18:06:11,766 - INFO - New distribution: {0: 25000, 1: 25000}
2025-09-18 18:06:11,794 - INFO - Final dataset size: 50000
2025-09-18 18:06:11,794 - INFO - Label distribution: [25000 25000]
2025-09-18 18:06:11,828 - INFO - FAST Dataset Statistics:
2025-09-18 18:06:11,829 - INFO -   Total samples: 50000
2025-09-18 18:06:11,833 - INFO -   Positive samples (cyberbullying): 25000
2025-09-18 18:06:11,837 - INFO -   Negative samples (not cyberbullying): 25000
2025-09-18 18:06:11,841 - INFO -   Class balance ratio: 0.500
2025-09-18 18:06:11,841 - INFO - Good dataset size: 50000 samples
2025-09-18 18:06:11,842 - INFO - Training FAST model with Gradient Boosting...
2025-09-18 18:06:11,842 - INFO - NO SVM - using Logistic Regression + Random Forest + Gradient Boosting
2025-09-18 18:06:11,842 - INFO - This should complete in 5-10 minutes...
2025-09-18 18:06:11,863 - INFO - Vectorizing text data with optimized features...
2025-09-18 18:06:15,841 - INFO - Vectorization completed in 3.98 seconds
2025-09-18 18:06:15,842 - INFO - Quick tuning Logistic Regression...
2025-09-18 18:06:19,430 - INFO - Best LR params: {'C': 1.0, 'solver': 'lbfgs'} (trained in 3.59s)
2025-09-18 18:06:19,430 - INFO - Quick tuning Random Forest...
2025-09-18 18:06:24,843 - INFO - Best RF params: {'max_depth': 15, 'min_samples_split': 5, 'n_estimators': 150} (trained in 5.41s)
2025-09-18 18:06:24,843 - INFO - Quick tuning Gradient Boosting...
2025-09-18 18:08:10,774 - INFO - Best GB params: {'learning_rate': 0.2, 'max_depth': 5, 'n_estimators': 100} (trained in 105.93s)
2025-09-18 18:08:10,774 - INFO - Training FIXED ensemble model...
2025-09-18 18:09:28,534 - INFO - Ensemble training completed in 77.76 seconds
2025-09-18 18:09:28,535 - INFO - Quick cross-validation...
2025-09-18 18:11:23,496 - INFO - CV F1 scores: [0.86944301 0.86630859 0.86294044]
2025-09-18 18:11:23,497 - INFO - Mean CV F1: 0.8662 (+/- 0.0053)
2025-09-18 18:11:23,734 - INFO - FIXED Model Results:
2025-09-18 18:11:23,735 - INFO - Accuracy: 0.8705
2025-09-18 18:11:23,735 - INFO - Precision: 0.8633
2025-09-18 18:11:23,735 - INFO - Recall: 0.8804
2025-09-18 18:11:23,736 - INFO - F1 Score: 0.8718
2025-09-18 18:11:23,794 - INFO - Optimal threshold: 0.5500
2025-09-18 18:11:24,100 - INFO - FIXED model saved to backend/models/cyberbullying/fast_cyberbullying_model.pkl
2025-09-18 18:11:24,120 - INFO - FAST training completed!
2025-09-18 18:11:24,120 - INFO - ==================================================
2025-09-18 18:11:24,120 - INFO - FAST MODEL RESULTS:
2025-09-18 18:11:24,121 - INFO - ==================================================
2025-09-18 18:11:24,121 - INFO - Overall Accuracy: 0.8705
2025-09-18 18:11:24,121 - INFO - Precision (reduces false positives): 0.8633
2025-09-18 18:11:24,121 - INFO - Recall (catches true positives): 0.8804
2025-09-18 18:11:24,121 - INFO - F1 Score (balanced metric): 0.8718
2025-09-18 18:11:24,122 - INFO - Cross-Validation F1: 0.8662 (+/- 0.0027)
2025-09-18 18:11:24,122 - INFO - Optimal Threshold: 0.5500
2025-09-18 18:11:24,122 - INFO - 
Confusion Matrix:
2025-09-18 18:11:24,122 - INFO -   True Negatives:  4303 (correctly identified safe content)
2025-09-18 18:11:24,122 - INFO -   False Positives: 697 (safe content flagged as cyberbullying)
2025-09-18 18:11:24,123 - INFO -   False Negatives: 598 (missed cyberbullying)
2025-09-18 18:11:24,123 - INFO -   True Positives:  4402 (correctly identified cyberbullying)
2025-09-18 18:11:24,123 - INFO - 
Top 10 Most Important Features:
2025-09-18 18:11:24,124 - INFO -    1. [user]                    (0.9596)
2025-09-18 18:11:24,124 - INFO -    2. hashtag_mkr               (0.8916)
2025-09-18 18:11:24,124 - INFO -    3. article                   (0.4897)
2025-09-18 18:11:24,124 - INFO -    4. page                      (0.3560)
2025-09-18 18:11:24,124 - INFO -    5. fuck                      (0.2978)
2025-09-18 18:11:24,125 - INFO -    6. wikipedia                 (0.2934)
2025-09-18 18:11:24,125 - INFO -    7. fucking                   (0.2528)
2025-09-18 18:11:24,125 - INFO -    8. articles                  (0.2219)
2025-09-18 18:11:24,126 - INFO -    9. [url]                     (0.2116)
2025-09-18 18:11:24,126 - INFO -   10. section                   (0.1994)
2025-09-18 18:11:24,126 - INFO - 
Best Model Parameters:
2025-09-18 18:11:24,126 - INFO -   Logistic Regression: {'C': 1.0, 'solver': 'lbfgs'}
2025-09-18 18:11:24,127 - INFO -   Random Forest: {'max_depth': 15, 'min_samples_split': 5, 'n_estimators': 150}
2025-09-18 18:11:24,127 - INFO -   Gradient Boosting: {'learning_rate': 0.2, 'max_depth': 5, 'n_estimators': 100}
2025-09-18 18:11:24,127 - INFO - 
Training Times:
2025-09-18 18:11:24,127 - INFO -   Vectorization: 3.98s
2025-09-18 18:11:24,127 - INFO -   Logistic Regression: 3.59s
2025-09-18 18:11:24,127 - INFO -   Random Forest: 5.41s
2025-09-18 18:11:24,128 - INFO -   Gradient Boosting: 105.93s
2025-09-18 18:11:24,128 - INFO -   Ensemble: 77.76s
2025-09-18 18:11:24,128 - INFO -   Total Training Time: 196.67s (3.28 minutes)
2025-09-18 18:11:24,128 - INFO - 
FAST model saved to: backend/models/cyberbullying/
2025-09-18 18:11:24,128 - INFO - Total script duration: 0:05:12.278253
2025-09-18 18:11:24,128 - INFO - 
============================================================
2025-09-18 18:11:24,128 - INFO - RUNNING FAST TESTING FRAMEWORK
2025-09-18 18:11:24,129 - INFO - ============================================================
2025-09-18 18:11:24,129 - INFO - Running FAST test suite...
2025-09-18 18:11:24,129 - INFO - ==================================================
2025-09-18 18:11:24,164 - INFO - Test  1: ✓ PASS - personal_attack
2025-09-18 18:11:24,164 - INFO -   Text: You're so ugly and stupid, nobody likes you
2025-09-18 18:11:24,165 - INFO -   Expected: True, Predicted: True
2025-09-18 18:11:24,166 - INFO -   Confidence: 0.586, Threshold: 0.450
2025-09-18 18:11:24,166 - INFO - 
2025-09-18 18:11:24,200 - INFO - Test  2: ✓ PASS - threat
2025-09-18 18:11:24,201 - INFO -   Text: Kill yourself, you worthless piece of trash
2025-09-18 18:11:24,202 - INFO -   Expected: True, Predicted: True
2025-09-18 18:11:24,202 - INFO -   Confidence: 0.497, Threshold: 0.350
2025-09-18 18:11:24,203 - INFO - 
2025-09-18 18:11:24,235 - INFO - Test  3: ✓ PASS - hate_speech
2025-09-18 18:11:24,235 - INFO -   Text: I hate you so much, go die!
2025-09-18 18:11:24,236 - INFO -   Expected: True, Predicted: True
2025-09-18 18:11:24,236 - INFO -   Confidence: 0.522, Threshold: 0.350
2025-09-18 18:11:24,236 - INFO - 
2025-09-18 18:11:24,267 - INFO - Test  4: ✓ PASS - harassment
2025-09-18 18:11:24,267 - INFO -   Text: You fat loser, you should just disappear
2025-09-18 18:11:24,269 - INFO -   Expected: True, Predicted: True
2025-09-18 18:11:24,269 - INFO -   Confidence: 0.579, Threshold: 0.450
2025-09-18 18:11:24,270 - INFO - 
2025-09-18 18:11:24,301 - INFO - Test  5: ✗ FAIL - exclusion
2025-09-18 18:11:24,303 - INFO -   Text: Nobody wants you here, just leave and never come back
2025-09-18 18:11:24,303 - INFO -   Expected: True, Predicted: False
2025-09-18 18:11:24,303 - INFO -   Confidence: 0.544, Threshold: 0.550
2025-09-18 18:11:24,303 - INFO -   → FALSE NEGATIVE: Missed actual cyberbullying
2025-09-18 18:11:24,304 - INFO - 
2025-09-18 18:11:24,336 - INFO - Test  6: ✓ PASS - subtle_mockery
2025-09-18 18:11:24,337 - INFO -   Text: Wow, you really thought that was a good idea? That's... interesting.
2025-09-18 18:11:24,337 - INFO -   Expected: True, Predicted: True
2025-09-18 18:11:24,338 - INFO -   Confidence: 0.583, Threshold: 0.550
2025-09-18 18:11:24,338 - INFO - 
2025-09-18 18:11:24,369 - INFO - Test  7: ✓ PASS - backhanded_insult
2025-09-18 18:11:24,370 - INFO -   Text: I'm sure someone, somewhere might find you attractive
2025-09-18 18:11:24,370 - INFO -   Expected: True, Predicted: True
2025-09-18 18:11:24,371 - INFO -   Confidence: 0.559, Threshold: 0.550
2025-09-18 18:11:24,371 - INFO - 
2025-09-18 18:11:24,414 - INFO - Test  8: ✓ PASS - positive
2025-09-18 18:11:24,415 - INFO -   Text: You're such an amazing person! Keep being awesome!
2025-09-18 18:11:24,417 - INFO -   Expected: False, Predicted: False
2025-09-18 18:11:24,418 - INFO -   Confidence: 0.393, Threshold: 0.550
2025-09-18 18:11:24,418 - INFO - 
2025-09-18 18:11:24,465 - INFO - Test  9: ✓ PASS - neutral
2025-09-18 18:11:24,468 - INFO -   Text: Just had a great day at the park with friends
2025-09-18 18:11:24,469 - INFO -   Expected: False, Predicted: False
2025-09-18 18:11:24,469 - INFO -   Confidence: 0.542, Threshold: 0.550
2025-09-18 18:11:24,470 - INFO - 
2025-09-18 18:11:24,517 - INFO - Test 10: ✓ PASS - friendly
2025-09-18 18:11:24,518 - INFO -   Text: Hey, how are you doing today? Hope you're well!
2025-09-18 18:11:24,518 - INFO -   Expected: False, Predicted: False
2025-09-18 18:11:24,518 - INFO -   Confidence: 0.427, Threshold: 0.550
2025-09-18 18:11:24,519 - INFO - 
2025-09-18 18:11:24,549 - INFO - Test 11: ✗ FAIL - casual
2025-09-18 18:11:24,551 - INFO -   Text: Looking forward to the weekend
2025-09-18 18:11:24,552 - INFO -   Expected: False, Predicted: True
2025-09-18 18:11:24,552 - INFO -   Confidence: 0.555, Threshold: 0.550
2025-09-18 18:11:24,552 - INFO -   → FALSE POSITIVE: Incorrectly flagged safe content
2025-09-18 18:11:24,553 - INFO - 
2025-09-18 18:11:24,585 - INFO - Test 12: ✓ PASS - casual_profanity
2025-09-18 18:11:24,586 - INFO -   Text: That movie was fucking amazing!
2025-09-18 18:11:24,587 - INFO -   Expected: False, Predicted: False
2025-09-18 18:11:24,587 - INFO -   Confidence: 0.203, Threshold: 0.550
2025-09-18 18:11:24,588 - INFO - 
2025-09-18 18:11:24,618 - INFO - Test 13: ✗ FAIL - positive_slang
2025-09-18 18:11:24,619 - INFO -   Text: You're killing it in this game!
2025-09-18 18:11:24,620 - INFO -   Expected: False, Predicted: True
2025-09-18 18:11:24,620 - INFO -   Confidence: 0.658, Threshold: 0.350
2025-09-18 18:11:24,620 - INFO -   → FALSE POSITIVE: Incorrectly flagged safe content
2025-09-18 18:11:24,621 - INFO - 
2025-09-18 18:11:24,655 - INFO - Test 14: ✗ FAIL - metaphorical
2025-09-18 18:11:24,656 - INFO -   Text: This assignment is killing me
2025-09-18 18:11:24,656 - INFO -   Expected: False, Predicted: True
2025-09-18 18:11:24,657 - INFO -   Confidence: 0.658, Threshold: 0.350
2025-09-18 18:11:24,657 - INFO -   → FALSE POSITIVE: Incorrectly flagged safe content
2025-09-18 18:11:24,658 - INFO - 
2025-09-18 18:11:24,689 - INFO - Test 15: ✓ PASS - enthusiasm
2025-09-18 18:11:24,690 - INFO -   Text: I LOVE THIS SONG SO MUCH!!!
2025-09-18 18:11:24,691 - INFO -   Expected: False, Predicted: False
2025-09-18 18:11:24,691 - INFO -   Confidence: 0.234, Threshold: 0.550
2025-09-18 18:11:24,692 - INFO - 
2025-09-18 18:11:24,692 - INFO - ==================================================
2025-09-18 18:11:24,692 - INFO - FAST TEST RESULTS:
2025-09-18 18:11:24,693 - INFO - ==================================================
2025-09-18 18:11:24,693 - INFO - Overall Accuracy: 73.3% (11/15)
2025-09-18 18:11:24,693 - INFO - 
==================================================
2025-09-18 18:11:24,693 - INFO - FAST TESTING SUMMARY:
2025-09-18 18:11:24,693 - INFO - ==================================================
2025-09-18 18:11:24,693 - WARNING - ⚠️ Model needs some improvement
2025-09-18 18:11:24,694 - INFO - Overall Test Accuracy: 73.3%
2025-09-18 18:11:24,694 - INFO - 
FAST Model Performance Expectations:
2025-09-18 18:11:24,694 - INFO - • Expected accuracy: 75-85% (trade-off for speed)
2025-09-18 18:11:24,694 - INFO - • Training time: 5-10 minutes (vs hours with SVM)
2025-09-18 18:11:24,695 - INFO - • Models used: Logistic Regression + Random Forest + Gradient Boosting
2025-09-18 18:11:24,695 - INFO - • Good for: Development, testing, and production deployment
2025-09-18 18:11:24,695 - INFO - • Inference speed: <50ms per prediction
2025-09-18 18:22:46,412 - INFO - Starting FAST Cyberbullying Detection Model Training
2025-09-18 18:22:46,413 - INFO - ============================================================
2025-09-18 18:22:48,219 - INFO - ✓ Gradient Boosting support available
2025-09-18 18:22:48,219 - INFO - Setting up NLTK data...
2025-09-18 18:22:48,220 - INFO - [OK] NLTK punkt already available
2025-09-18 18:22:48,220 - INFO - [OK] NLTK stopwords already available
2025-09-18 18:22:48,223 - INFO - Downloading NLTK data: wordnet
2025-09-18 18:22:48,441 - INFO - [OK] Downloaded wordnet
2025-09-18 18:22:48,444 - INFO - Downloading NLTK data: omw-1.4
2025-09-18 18:22:48,512 - INFO - [OK] Downloaded omw-1.4
2025-09-18 18:22:48,512 - INFO - NLTK data setup completed
2025-09-18 18:22:48,520 - INFO - [OK] Found dataset: datasets/cyberbullying/cyberbullying_tweets.csv (6.8 MB)
2025-09-18 18:22:48,527 - INFO - [OK] Found dataset: datasets/cyberbullying/final_hateXplain.csv (3.6 MB)
2025-09-18 18:22:48,533 - INFO - [OK] Found dataset: datasets/cyberbullying/aggression_parsed_dataset.csv (48.1 MB)
2025-09-18 18:22:48,538 - INFO - [OK] Found dataset: datasets/cyberbullying/attack_parsed_dataset.csv (48.0 MB)
2025-09-18 18:22:48,543 - INFO - [OK] Found dataset: datasets/cyberbullying/toxicity_parsed_dataset.csv (63.6 MB)
2025-09-18 18:22:48,551 - INFO - [OK] Found dataset: datasets/cyberbullying/twitter_parsed_dataset.csv (2.4 MB)
2025-09-18 18:22:48,558 - INFO - [OK] Found dataset: datasets/cyberbullying/twitter_racism_parsed_dataset.csv (1.9 MB)
2025-09-18 18:22:48,565 - INFO - [OK] Found dataset: datasets/cyberbullying/twitter_sexism_parsed_dataset.csv (2.1 MB)
2025-09-18 18:22:48,573 - INFO - [OK] Found dataset: datasets/cyberbullying/youtube_parsed_dataset.csv (3.7 MB)
2025-09-18 18:22:48,578 - INFO - [OK] Found dataset: datasets/cyberbullying/kaggle_parsed_dataset.csv (1.7 MB)
2025-09-18 18:22:48,578 - INFO - Total dataset size: 181.9 MB
2025-09-18 18:22:48,578 - INFO - Found 10 usable datasets
2025-09-18 18:22:48,579 - INFO - Total dataset size: 181.9 MB
2025-09-18 18:22:49,393 - INFO - Fast detector initialized (no transformer for speed)
2025-09-18 18:22:49,393 - INFO - Loading and preprocessing datasets with FAST optimizations...
2025-09-18 18:22:49,393 - INFO - Loading dataset: datasets/cyberbullying/cyberbullying_tweets.csv
2025-09-18 18:22:49,480 - INFO - Dataset cyberbullying_tweets.csv columns: ['tweet_text', 'cyberbullying_type']
2025-09-18 18:22:49,480 - INFO - Dataset shape: (47692, 2)
2025-09-18 18:22:49,505 - INFO - Processed cyberbullying_tweets.csv: 47692 samples, labels: {1: 39747, 0: 7945}
2025-09-18 18:22:49,505 - INFO - Loaded 47692 samples from datasets/cyberbullying/cyberbullying_tweets.csv
2025-09-18 18:22:49,506 - INFO - Loading dataset: datasets/cyberbullying/final_hateXplain.csv
2025-09-18 18:22:49,561 - INFO - Dataset final_hatexplain.csv columns: ['comment', 'label', 'Race', 'Religion', 'Gender', 'Sexual Orientation', 'Miscellaneous']
2025-09-18 18:22:49,561 - INFO - Dataset shape: (20109, 7)
2025-09-18 18:22:49,564 - INFO - Generic fallback - unique labels: ['normal' 'offensive' 'hatespeech']
2025-09-18 18:22:49,592 - INFO - Processed final_hatexplain.csv: 20109 samples, labels: {1: 12291, 0: 7818}
2025-09-18 18:22:49,593 - INFO - Loaded 20109 samples from datasets/cyberbullying/final_hateXplain.csv
2025-09-18 18:22:49,593 - INFO - Loading dataset: datasets/cyberbullying/aggression_parsed_dataset.csv
2025-09-18 18:22:50,204 - INFO - Dataset aggression_parsed_dataset.csv columns: ['index', 'Text', 'ed_label_0', 'ed_label_1', 'oh_label']
2025-09-18 18:22:50,204 - INFO - Dataset shape: (115864, 5)
2025-09-18 18:22:50,265 - INFO - Processed aggression_parsed_dataset.csv: 115864 samples, labels: {1: 112544, 0: 3320}
2025-09-18 18:22:50,266 - INFO - Loaded 115864 samples from datasets/cyberbullying/aggression_parsed_dataset.csv
2025-09-18 18:22:50,266 - INFO - Loading dataset: datasets/cyberbullying/attack_parsed_dataset.csv
2025-09-18 18:22:50,935 - INFO - Dataset attack_parsed_dataset.csv columns: ['index', 'Text', 'ed_label_0', 'ed_label_1', 'oh_label']
2025-09-18 18:22:50,936 - INFO - Dataset shape: (115864, 5)
2025-09-18 18:22:50,994 - INFO - Processed attack_parsed_dataset.csv: 115864 samples, labels: {1: 112808, 0: 3056}
2025-09-18 18:22:50,995 - INFO - Loaded 115864 samples from datasets/cyberbullying/attack_parsed_dataset.csv
2025-09-18 18:22:50,996 - INFO - Loading dataset: datasets/cyberbullying/toxicity_parsed_dataset.csv
2025-09-18 18:22:51,853 - INFO - Dataset toxicity_parsed_dataset.csv columns: ['index', 'Text', 'ed_label_0', 'ed_label_1', 'oh_label']
2025-09-18 18:22:51,853 - INFO - Dataset shape: (159686, 5)
2025-09-18 18:22:51,938 - INFO - Processed toxicity_parsed_dataset.csv: 159686 samples, labels: {1: 155215, 0: 4471}
2025-09-18 18:22:51,939 - INFO - Loaded 159686 samples from datasets/cyberbullying/toxicity_parsed_dataset.csv
2025-09-18 18:22:51,939 - INFO - Loading dataset: datasets/cyberbullying/twitter_parsed_dataset.csv
2025-09-18 18:22:51,991 - INFO - Dataset twitter_parsed_dataset.csv columns: ['index', 'id', 'Text', 'Annotation', 'oh_label']
2025-09-18 18:22:51,992 - INFO - Dataset shape: (16851, 5)
2025-09-18 18:22:51,993 - INFO - Unique values in Annotation: ['none' 'sexism' 'racism' nan]
2025-09-18 18:22:52,026 - INFO - Processed twitter_parsed_dataset.csv: 16850 samples, labels: {0: 11501, 1: 5349}
2025-09-18 18:22:52,026 - INFO - Loaded 16850 samples from datasets/cyberbullying/twitter_parsed_dataset.csv
2025-09-18 18:22:52,027 - INFO - Loading dataset: datasets/cyberbullying/twitter_racism_parsed_dataset.csv
2025-09-18 18:22:52,060 - INFO - Dataset twitter_racism_parsed_dataset.csv columns: ['index', 'id', 'Text', 'Annotation', 'oh_label']
2025-09-18 18:22:52,060 - INFO - Dataset shape: (13471, 5)
2025-09-18 18:22:52,062 - INFO - Unique values in Annotation: ['racism' 'none']
2025-09-18 18:22:52,088 - INFO - Processed twitter_racism_parsed_dataset.csv: 13471 samples, labels: {0: 11501, 1: 1970}
2025-09-18 18:22:52,088 - INFO - Loaded 13471 samples from datasets/cyberbullying/twitter_racism_parsed_dataset.csv
2025-09-18 18:22:52,088 - INFO - Loading dataset: datasets/cyberbullying/twitter_sexism_parsed_dataset.csv
2025-09-18 18:22:52,130 - INFO - Dataset twitter_sexism_parsed_dataset.csv columns: ['index', 'id', 'Text', 'Annotation', 'oh_label']
2025-09-18 18:22:52,130 - INFO - Dataset shape: (14881, 5)
2025-09-18 18:22:52,133 - INFO - Unique values in Annotation: ['sexism' 'none' nan]
2025-09-18 18:22:52,160 - INFO - Processed twitter_sexism_parsed_dataset.csv: 14880 samples, labels: {0: 11501, 1: 3379}
2025-09-18 18:22:52,160 - INFO - Loaded 14880 samples from datasets/cyberbullying/twitter_sexism_parsed_dataset.csv
2025-09-18 18:22:52,161 - INFO - Loading dataset: datasets/cyberbullying/youtube_parsed_dataset.csv
2025-09-18 18:22:52,208 - INFO - Dataset youtube_parsed_dataset.csv columns: ['index', 'UserIndex', 'Text', 'Number of Comments', 'Number of Subscribers', 'Membership Duration', 'Number of Uploads', 'Profanity in UserID', 'Age', 'oh_label']
2025-09-18 18:22:52,208 - INFO - Dataset shape: (3464, 10)
2025-09-18 18:22:52,213 - INFO - Processed youtube_parsed_dataset.csv: 3464 samples, labels: {0: 3047, 1: 417}
2025-09-18 18:22:52,213 - INFO - Loaded 3464 samples from datasets/cyberbullying/youtube_parsed_dataset.csv
2025-09-18 18:22:52,213 - INFO - Loading dataset: datasets/cyberbullying/kaggle_parsed_dataset.csv
2025-09-18 18:22:52,245 - INFO - Dataset kaggle_parsed_dataset.csv columns: ['index', 'oh_label', 'Date', 'Text']
2025-09-18 18:22:52,245 - INFO - Dataset shape: (8799, 4)
2025-09-18 18:22:52,251 - INFO - Processed kaggle_parsed_dataset.csv: 8799 samples, labels: {0: 5993, 1: 2806}
2025-09-18 18:22:52,253 - INFO - Loaded 8799 samples from datasets/cyberbullying/kaggle_parsed_dataset.csv
2025-09-18 18:23:43,215 - INFO - Original distribution: {1: 446526, 0: 70153}
2025-09-18 18:23:43,267 - INFO - FAST balanced dataset from 516679 to 50000 samples
2025-09-18 18:23:43,268 - INFO - New distribution: {0: 25000, 1: 25000}
2025-09-18 18:23:43,297 - INFO - Final dataset size: 50000
2025-09-18 18:23:43,299 - INFO - Label distribution: [25000 25000]
2025-09-18 18:23:43,334 - INFO - FAST Dataset Statistics:
2025-09-18 18:23:43,335 - INFO -   Total samples: 50000
2025-09-18 18:23:43,338 - INFO -   Positive samples (cyberbullying): 25000
2025-09-18 18:23:43,342 - INFO -   Negative samples (not cyberbullying): 25000
2025-09-18 18:23:43,347 - INFO -   Class balance ratio: 0.500
2025-09-18 18:23:43,347 - INFO - Good dataset size: 50000 samples
2025-09-18 18:23:43,347 - INFO - Training FAST model with Gradient Boosting...
2025-09-18 18:23:43,347 - INFO - NO SVM - using Logistic Regression + Random Forest + Gradient Boosting
2025-09-18 18:23:43,348 - INFO - This should complete in 5-10 minutes...
2025-09-18 18:23:43,368 - INFO - Vectorizing text data with optimized features...
2025-09-18 18:23:47,467 - INFO - Vectorization completed in 4.10 seconds
2025-09-18 18:23:47,468 - INFO - Quick tuning Logistic Regression...
2025-09-18 18:23:51,017 - INFO - Best LR params: {'C': 1.0, 'solver': 'lbfgs'} (trained in 3.55s)
2025-09-18 18:23:51,017 - INFO - Quick tuning Random Forest...
2025-09-18 18:23:56,305 - INFO - Best RF params: {'max_depth': 15, 'min_samples_split': 5, 'n_estimators': 150} (trained in 5.29s)
2025-09-18 18:23:56,306 - INFO - Quick tuning Gradient Boosting...
2025-09-18 18:25:42,872 - INFO - Best GB params: {'learning_rate': 0.2, 'max_depth': 5, 'n_estimators': 100} (trained in 106.56s)
2025-09-18 18:25:42,872 - INFO - Training FIXED ensemble model...
2025-09-18 18:26:36,725 - INFO - Ensemble training completed in 53.85 seconds
2025-09-18 18:26:36,725 - INFO - Quick cross-validation...
2025-09-18 18:28:23,353 - INFO - CV F1 scores: [0.86944301 0.86630859 0.86294044]
2025-09-18 18:28:23,354 - INFO - Mean CV F1: 0.8662 (+/- 0.0053)
2025-09-18 18:28:23,561 - INFO - FIXED Model Results:
2025-09-18 18:28:23,562 - INFO - Accuracy: 0.8705
2025-09-18 18:28:23,562 - INFO - Precision: 0.8633
2025-09-18 18:28:23,562 - INFO - Recall: 0.8804
2025-09-18 18:28:23,562 - INFO - F1 Score: 0.8718
2025-09-18 18:28:23,607 - INFO - Optimal threshold: 0.5500
2025-09-18 18:28:23,898 - INFO - FIXED model saved to backend/models/cyberbullying/fast_cyberbullying_model.pkl
2025-09-18 18:28:23,918 - INFO - FAST training completed!
2025-09-18 18:28:23,918 - INFO - ==================================================
2025-09-18 18:28:23,918 - INFO - FAST MODEL RESULTS:
2025-09-18 18:28:23,920 - INFO - ==================================================
2025-09-18 18:28:23,920 - INFO - Overall Accuracy: 0.8705
2025-09-18 18:28:23,921 - INFO - Precision (reduces false positives): 0.8633
2025-09-18 18:28:23,921 - INFO - Recall (catches true positives): 0.8804
2025-09-18 18:28:23,921 - INFO - F1 Score (balanced metric): 0.8718
2025-09-18 18:28:23,921 - INFO - Cross-Validation F1: 0.8662 (+/- 0.0027)
2025-09-18 18:28:23,922 - INFO - Optimal Threshold: 0.5500
2025-09-18 18:28:23,922 - INFO - 
Confusion Matrix:
2025-09-18 18:28:23,922 - INFO -   True Negatives:  4303 (correctly identified safe content)
2025-09-18 18:28:23,922 - INFO -   False Positives: 697 (safe content flagged as cyberbullying)
2025-09-18 18:28:23,923 - INFO -   False Negatives: 598 (missed cyberbullying)
2025-09-18 18:28:23,923 - INFO -   True Positives:  4402 (correctly identified cyberbullying)
2025-09-18 18:28:23,924 - INFO - 
Top 10 Most Important Features:
2025-09-18 18:28:23,924 - INFO -    1. [user]                    (0.9596)
2025-09-18 18:28:23,925 - INFO -    2. hashtag_mkr               (0.8916)
2025-09-18 18:28:23,925 - INFO -    3. article                   (0.4897)
2025-09-18 18:28:23,925 - INFO -    4. page                      (0.3560)
2025-09-18 18:28:23,926 - INFO -    5. fuck                      (0.2978)
2025-09-18 18:28:23,926 - INFO -    6. wikipedia                 (0.2934)
2025-09-18 18:28:23,926 - INFO -    7. fucking                   (0.2528)
2025-09-18 18:28:23,926 - INFO -    8. articles                  (0.2219)
2025-09-18 18:28:23,927 - INFO -    9. [url]                     (0.2116)
2025-09-18 18:28:23,927 - INFO -   10. section                   (0.1994)
2025-09-18 18:28:23,927 - INFO - 
Best Model Parameters:
2025-09-18 18:28:23,927 - INFO -   Logistic Regression: {'C': 1.0, 'solver': 'lbfgs'}
2025-09-18 18:28:23,928 - INFO -   Random Forest: {'max_depth': 15, 'min_samples_split': 5, 'n_estimators': 150}
2025-09-18 18:28:23,928 - INFO -   Gradient Boosting: {'learning_rate': 0.2, 'max_depth': 5, 'n_estimators': 100}
2025-09-18 18:28:23,928 - INFO - 
Training Times:
2025-09-18 18:28:23,929 - INFO -   Vectorization: 4.10s
2025-09-18 18:28:23,929 - INFO -   Logistic Regression: 3.55s
2025-09-18 18:28:23,929 - INFO -   Random Forest: 5.29s
2025-09-18 18:28:23,929 - INFO -   Gradient Boosting: 106.56s
2025-09-18 18:28:23,929 - INFO -   Ensemble: 53.85s
2025-09-18 18:28:23,929 - INFO -   Total Training Time: 173.35s (2.89 minutes)
2025-09-18 18:28:23,930 - INFO - 
FAST model saved to: backend/models/cyberbullying/
2025-09-18 18:28:23,930 - INFO - Total script duration: 0:04:40.570757
2025-09-18 18:28:23,930 - INFO - 
============================================================
2025-09-18 18:28:23,930 - INFO - RUNNING FAST TESTING FRAMEWORK
2025-09-18 18:28:23,930 - INFO - ============================================================
2025-09-18 18:28:23,931 - INFO - Running FAST test suite...
2025-09-18 18:28:23,931 - INFO - ==================================================
2025-09-18 18:28:23,979 - INFO - Test  1: ✓ PASS - personal_attack
2025-09-18 18:28:23,980 - INFO -   Text: You're so ugly and stupid, nobody likes you
2025-09-18 18:28:23,980 - INFO -   Expected: True, Predicted: True
2025-09-18 18:28:23,980 - INFO -   Confidence: 0.586, Threshold: 0.450
2025-09-18 18:28:23,981 - INFO - 
2025-09-18 18:28:24,028 - INFO - Test  2: ✓ PASS - threat
2025-09-18 18:28:24,029 - INFO -   Text: Kill yourself, you worthless piece of trash
2025-09-18 18:28:24,029 - INFO -   Expected: True, Predicted: True
2025-09-18 18:28:24,030 - INFO -   Confidence: 0.497, Threshold: 0.350
2025-09-18 18:28:24,030 - INFO - 
2025-09-18 18:28:24,077 - INFO - Test  3: ✓ PASS - hate_speech
2025-09-18 18:28:24,078 - INFO -   Text: I hate you so much, go die!
2025-09-18 18:28:24,079 - INFO -   Expected: True, Predicted: True
2025-09-18 18:28:24,079 - INFO -   Confidence: 0.522, Threshold: 0.350
2025-09-18 18:28:24,080 - INFO - 
2025-09-18 18:28:24,137 - INFO - Test  4: ✓ PASS - harassment
2025-09-18 18:28:24,138 - INFO -   Text: You fat loser, you should just disappear
2025-09-18 18:28:24,139 - INFO -   Expected: True, Predicted: True
2025-09-18 18:28:24,139 - INFO -   Confidence: 0.579, Threshold: 0.450
2025-09-18 18:28:24,140 - INFO - 
2025-09-18 18:28:24,190 - INFO - Test  5: ✗ FAIL - exclusion
2025-09-18 18:28:24,190 - INFO -   Text: Nobody wants you here, just leave and never come back
2025-09-18 18:28:24,191 - INFO -   Expected: True, Predicted: False
2025-09-18 18:28:24,193 - INFO -   Confidence: 0.544, Threshold: 0.550
2025-09-18 18:28:24,193 - INFO -   → FALSE NEGATIVE: Missed actual cyberbullying
2025-09-18 18:28:24,194 - INFO - 
2025-09-18 18:28:24,232 - INFO - Test  6: ✓ PASS - subtle_mockery
2025-09-18 18:28:24,232 - INFO -   Text: Wow, you really thought that was a good idea? That's... interesting.
2025-09-18 18:28:24,233 - INFO -   Expected: True, Predicted: True
2025-09-18 18:28:24,233 - INFO -   Confidence: 0.583, Threshold: 0.550
2025-09-18 18:28:24,233 - INFO - 
2025-09-18 18:28:24,277 - INFO - Test  7: ✓ PASS - backhanded_insult
2025-09-18 18:28:24,278 - INFO -   Text: I'm sure someone, somewhere might find you attractive
2025-09-18 18:28:24,279 - INFO -   Expected: True, Predicted: True
2025-09-18 18:28:24,280 - INFO -   Confidence: 0.559, Threshold: 0.550
2025-09-18 18:28:24,280 - INFO - 
2025-09-18 18:28:24,329 - INFO - Test  8: ✓ PASS - positive
2025-09-18 18:28:24,329 - INFO -   Text: You're such an amazing person! Keep being awesome!
2025-09-18 18:28:24,330 - INFO -   Expected: False, Predicted: False
2025-09-18 18:28:24,331 - INFO -   Confidence: 0.393, Threshold: 0.550
2025-09-18 18:28:24,331 - INFO - 
2025-09-18 18:28:24,384 - INFO - Test  9: ✓ PASS - neutral
2025-09-18 18:28:24,385 - INFO -   Text: Just had a great day at the park with friends
2025-09-18 18:28:24,385 - INFO -   Expected: False, Predicted: False
2025-09-18 18:28:24,385 - INFO -   Confidence: 0.542, Threshold: 0.550
2025-09-18 18:28:24,386 - INFO - 
2025-09-18 18:28:24,430 - INFO - Test 10: ✓ PASS - friendly
2025-09-18 18:28:24,431 - INFO -   Text: Hey, how are you doing today? Hope you're well!
2025-09-18 18:28:24,431 - INFO -   Expected: False, Predicted: False
2025-09-18 18:28:24,432 - INFO -   Confidence: 0.427, Threshold: 0.550
2025-09-18 18:28:24,432 - INFO - 
2025-09-18 18:28:24,469 - INFO - Test 11: ✗ FAIL - casual
2025-09-18 18:28:24,471 - INFO -   Text: Looking forward to the weekend
2025-09-18 18:28:24,471 - INFO -   Expected: False, Predicted: True
2025-09-18 18:28:24,471 - INFO -   Confidence: 0.555, Threshold: 0.550
2025-09-18 18:28:24,471 - INFO -   → FALSE POSITIVE: Incorrectly flagged safe content
2025-09-18 18:28:24,472 - INFO - 
2025-09-18 18:28:24,506 - INFO - Test 12: ✓ PASS - casual_profanity
2025-09-18 18:28:24,506 - INFO -   Text: That movie was fucking amazing!
2025-09-18 18:28:24,506 - INFO -   Expected: False, Predicted: False
2025-09-18 18:28:24,507 - INFO -   Confidence: 0.203, Threshold: 0.550
2025-09-18 18:28:24,507 - INFO - 
2025-09-18 18:28:24,541 - INFO - Test 13: ✗ FAIL - positive_slang
2025-09-18 18:28:24,542 - INFO -   Text: You're killing it in this game!
2025-09-18 18:28:24,542 - INFO -   Expected: False, Predicted: True
2025-09-18 18:28:24,543 - INFO -   Confidence: 0.658, Threshold: 0.350
2025-09-18 18:28:24,543 - INFO -   → FALSE POSITIVE: Incorrectly flagged safe content
2025-09-18 18:28:24,543 - INFO - 
2025-09-18 18:28:24,573 - INFO - Test 14: ✗ FAIL - metaphorical
2025-09-18 18:28:24,574 - INFO -   Text: This assignment is killing me
2025-09-18 18:28:24,575 - INFO -   Expected: False, Predicted: True
2025-09-18 18:28:24,575 - INFO -   Confidence: 0.658, Threshold: 0.350
2025-09-18 18:28:24,575 - INFO -   → FALSE POSITIVE: Incorrectly flagged safe content
2025-09-18 18:28:24,576 - INFO - 
2025-09-18 18:28:24,605 - INFO - Test 15: ✓ PASS - enthusiasm
2025-09-18 18:28:24,606 - INFO -   Text: I LOVE THIS SONG SO MUCH!!!
2025-09-18 18:28:24,607 - INFO -   Expected: False, Predicted: False
2025-09-18 18:28:24,607 - INFO -   Confidence: 0.234, Threshold: 0.550
2025-09-18 18:28:24,608 - INFO - 
2025-09-18 18:28:24,608 - INFO - ==================================================
2025-09-18 18:28:24,608 - INFO - FAST TEST RESULTS:
2025-09-18 18:28:24,609 - INFO - ==================================================
2025-09-18 18:28:24,609 - INFO - Overall Accuracy: 73.3% (11/15)
2025-09-18 18:28:24,609 - INFO - 
==================================================
2025-09-18 18:28:24,610 - INFO - FAST TESTING SUMMARY:
2025-09-18 18:28:24,610 - INFO - ==================================================
2025-09-18 18:28:24,610 - WARNING - ⚠️ Model needs some improvement
2025-09-18 18:28:24,610 - INFO - Overall Test Accuracy: 73.3%
2025-09-18 18:28:24,611 - INFO - 
FAST Model Performance Expectations:
2025-09-18 18:28:24,611 - INFO - • Expected accuracy: 75-85% (trade-off for speed)
2025-09-18 18:28:24,611 - INFO - • Training time: 5-10 minutes (vs hours with SVM)
2025-09-18 18:28:24,611 - INFO - • Models used: Logistic Regression + Random Forest + Gradient Boosting
2025-09-18 18:28:24,612 - INFO - • Good for: Development, testing, and production deployment
2025-09-18 18:28:24,612 - INFO - • Inference speed: <50ms per prediction
2025-09-18 18:49:48,671 - INFO - Starting FAST Cyberbullying Detection Model Training
2025-09-18 18:49:48,672 - INFO - ============================================================
2025-09-18 18:49:59,088 - INFO - ✓ Gradient Boosting support available
2025-09-18 18:49:59,089 - INFO - Setting up NLTK data...
2025-09-18 18:49:59,090 - INFO - [OK] NLTK punkt already available
2025-09-18 18:49:59,091 - INFO - [OK] NLTK stopwords already available
2025-09-18 18:49:59,094 - INFO - Downloading NLTK data: wordnet
2025-09-18 18:49:59,471 - INFO - [OK] Downloaded wordnet
2025-09-18 18:49:59,474 - INFO - Downloading NLTK data: omw-1.4
2025-09-18 18:49:59,542 - INFO - [OK] Downloaded omw-1.4
2025-09-18 18:49:59,542 - INFO - NLTK data setup completed
2025-09-18 18:49:59,555 - INFO - [OK] Found dataset: datasets/cyberbullying/cyberbullying_tweets.csv (6.8 MB)
2025-09-18 18:49:59,561 - INFO - [OK] Found dataset: datasets/cyberbullying/final_hateXplain.csv (3.6 MB)
2025-09-18 18:49:59,567 - INFO - [OK] Found dataset: datasets/cyberbullying/aggression_parsed_dataset.csv (48.1 MB)
2025-09-18 18:49:59,572 - INFO - [OK] Found dataset: datasets/cyberbullying/attack_parsed_dataset.csv (48.0 MB)
2025-09-18 18:49:59,578 - INFO - [OK] Found dataset: datasets/cyberbullying/toxicity_parsed_dataset.csv (63.6 MB)
2025-09-18 18:49:59,584 - INFO - [OK] Found dataset: datasets/cyberbullying/twitter_parsed_dataset.csv (2.4 MB)
2025-09-18 18:49:59,591 - INFO - [OK] Found dataset: datasets/cyberbullying/twitter_racism_parsed_dataset.csv (1.9 MB)
2025-09-18 18:49:59,597 - INFO - [OK] Found dataset: datasets/cyberbullying/twitter_sexism_parsed_dataset.csv (2.1 MB)
2025-09-18 18:49:59,603 - INFO - [OK] Found dataset: datasets/cyberbullying/youtube_parsed_dataset.csv (3.7 MB)
2025-09-18 18:49:59,609 - INFO - [OK] Found dataset: datasets/cyberbullying/kaggle_parsed_dataset.csv (1.7 MB)
2025-09-18 18:49:59,609 - INFO - Total dataset size: 181.9 MB
2025-09-18 18:49:59,610 - INFO - Found 10 usable datasets
2025-09-18 18:49:59,610 - INFO - Total dataset size: 181.9 MB
2025-09-18 18:49:59,652 - INFO - Loading and preprocessing datasets with FAST optimizations...
2025-09-18 18:49:59,653 - ERROR - FAST training failed: 'EnhancedCyberbullyingDetector' object has no attribute 'load_and_preprocess_data'
2025-09-18 18:49:59,654 - ERROR - Traceback (most recent call last):
  File "C:\Users\yesha\Desktop\threat_det\backend\modules\cyberbullying\train.py", line 198, in train_fast_cyberbullying_model
    df, X, y = detector.load_and_preprocess_data(dataset_paths)
               ^^^^^^^^^^^^^^^^^^^^^^^^^^^^^^^^^
AttributeError: 'EnhancedCyberbullyingDetector' object has no attribute 'load_and_preprocess_data'

2025-09-18 18:50:50,419 - INFO - Starting FAST Cyberbullying Detection Model Training
2025-09-18 18:50:50,420 - INFO - ============================================================
2025-09-18 18:50:51,800 - INFO - ✓ Gradient Boosting support available
2025-09-18 18:50:51,800 - INFO - Setting up NLTK data...
2025-09-18 18:50:51,801 - INFO - [OK] NLTK punkt already available
2025-09-18 18:50:51,802 - INFO - [OK] NLTK stopwords already available
2025-09-18 18:50:51,805 - INFO - Downloading NLTK data: wordnet
2025-09-18 18:50:52,018 - INFO - [OK] Downloaded wordnet
2025-09-18 18:50:52,020 - INFO - Downloading NLTK data: omw-1.4
2025-09-18 18:50:52,092 - INFO - [OK] Downloaded omw-1.4
2025-09-18 18:50:52,093 - INFO - NLTK data setup completed
2025-09-18 18:50:52,101 - INFO - [OK] Found dataset: datasets/cyberbullying/cyberbullying_tweets.csv (6.8 MB)
2025-09-18 18:50:52,109 - INFO - [OK] Found dataset: datasets/cyberbullying/final_hateXplain.csv (3.6 MB)
2025-09-18 18:50:52,115 - INFO - [OK] Found dataset: datasets/cyberbullying/aggression_parsed_dataset.csv (48.1 MB)
2025-09-18 18:50:52,121 - INFO - [OK] Found dataset: datasets/cyberbullying/attack_parsed_dataset.csv (48.0 MB)
2025-09-18 18:50:52,126 - INFO - [OK] Found dataset: datasets/cyberbullying/toxicity_parsed_dataset.csv (63.6 MB)
2025-09-18 18:50:52,132 - INFO - [OK] Found dataset: datasets/cyberbullying/twitter_parsed_dataset.csv (2.4 MB)
2025-09-18 18:50:52,139 - INFO - [OK] Found dataset: datasets/cyberbullying/twitter_racism_parsed_dataset.csv (1.9 MB)
2025-09-18 18:50:52,145 - INFO - [OK] Found dataset: datasets/cyberbullying/twitter_sexism_parsed_dataset.csv (2.1 MB)
2025-09-18 18:50:52,150 - INFO - [OK] Found dataset: datasets/cyberbullying/youtube_parsed_dataset.csv (3.7 MB)
2025-09-18 18:50:52,160 - INFO - [OK] Found dataset: datasets/cyberbullying/kaggle_parsed_dataset.csv (1.7 MB)
2025-09-18 18:50:52,160 - INFO - Total dataset size: 181.9 MB
2025-09-18 18:50:52,161 - INFO - Found 10 usable datasets
2025-09-18 18:50:52,162 - INFO - Total dataset size: 181.9 MB
2025-09-18 18:50:52,224 - INFO - Loading and preprocessing datasets with FAST optimizations...
2025-09-18 18:50:52,225 - ERROR - FAST training failed: 'EnhancedCyberbullyingDetector' object has no attribute 'load_and_preprocess_data'
2025-09-18 18:50:52,226 - ERROR - Traceback (most recent call last):
  File "C:\Users\yesha\Desktop\threat_det\backend\modules\cyberbullying\train.py", line 198, in train_fast_cyberbullying_model
    df, X, y = detector.load_and_preprocess_data(dataset_paths)
               ^^^^^^^^^^^^^^^^^^^^^^^^^^^^^^^^^
AttributeError: 'EnhancedCyberbullyingDetector' object has no attribute 'load_and_preprocess_data'

2025-09-18 18:51:07,524 - INFO - Starting FAST Cyberbullying Detection Model Training
2025-09-18 18:51:07,531 - INFO - ============================================================
2025-09-18 18:51:09,383 - INFO - ✓ Gradient Boosting support available
2025-09-18 18:51:09,383 - INFO - Setting up NLTK data...
2025-09-18 18:51:09,384 - INFO - [OK] NLTK punkt already available
2025-09-18 18:51:09,385 - INFO - [OK] NLTK stopwords already available
2025-09-18 18:51:09,388 - INFO - Downloading NLTK data: wordnet
2025-09-18 18:51:09,606 - INFO - [OK] Downloaded wordnet
2025-09-18 18:51:09,609 - INFO - Downloading NLTK data: omw-1.4
2025-09-18 18:51:09,682 - INFO - [OK] Downloaded omw-1.4
2025-09-18 18:51:09,682 - INFO - NLTK data setup completed
2025-09-18 18:51:09,691 - INFO - [OK] Found dataset: datasets/cyberbullying/cyberbullying_tweets.csv (6.8 MB)
2025-09-18 18:51:09,698 - INFO - [OK] Found dataset: datasets/cyberbullying/final_hateXplain.csv (3.6 MB)
2025-09-18 18:51:09,704 - INFO - [OK] Found dataset: datasets/cyberbullying/aggression_parsed_dataset.csv (48.1 MB)
2025-09-18 18:51:09,710 - INFO - [OK] Found dataset: datasets/cyberbullying/attack_parsed_dataset.csv (48.0 MB)
2025-09-18 18:51:09,715 - INFO - [OK] Found dataset: datasets/cyberbullying/toxicity_parsed_dataset.csv (63.6 MB)
2025-09-18 18:51:09,723 - INFO - [OK] Found dataset: datasets/cyberbullying/twitter_parsed_dataset.csv (2.4 MB)
2025-09-18 18:51:09,729 - INFO - [OK] Found dataset: datasets/cyberbullying/twitter_racism_parsed_dataset.csv (1.9 MB)
2025-09-18 18:51:09,739 - INFO - [OK] Found dataset: datasets/cyberbullying/twitter_sexism_parsed_dataset.csv (2.1 MB)
2025-09-18 18:51:09,743 - INFO - [OK] Found dataset: datasets/cyberbullying/youtube_parsed_dataset.csv (3.7 MB)
2025-09-18 18:51:09,749 - INFO - [OK] Found dataset: datasets/cyberbullying/kaggle_parsed_dataset.csv (1.7 MB)
2025-09-18 18:51:09,749 - INFO - Total dataset size: 181.9 MB
2025-09-18 18:51:09,749 - INFO - Found 10 usable datasets
2025-09-18 18:51:09,751 - INFO - Total dataset size: 181.9 MB
2025-09-18 18:51:09,761 - INFO - Loading and preprocessing datasets with FAST optimizations...
2025-09-18 18:51:09,762 - ERROR - FAST training failed: 'EnhancedCyberbullyingDetector' object has no attribute 'load_and_preprocess_data'
2025-09-18 18:51:09,763 - ERROR - Traceback (most recent call last):
  File "C:\Users\yesha\Desktop\threat_det\backend\modules\cyberbullying\train.py", line 198, in train_fast_cyberbullying_model
    df, X, y = detector.load_and_preprocess_data(dataset_paths)
               ^^^^^^^^^^^^^^^^^^^^^^^^^^^^^^^^^
AttributeError: 'EnhancedCyberbullyingDetector' object has no attribute 'load_and_preprocess_data'

